<?xml version="1.0" encoding="UTF-8"?>
<testsuite name="El usuario puede añadir varios articulos al carrito" tests="1" skipped="0" failures="0" errors="0" timestamp="2020-11-20T18:37:09" hostname="LAPTOP-1CD7F95K" time="26.597">
  <properties/>
  <testcase name="Como usuario quiero logearme para hacer compras" classname="El usuario puede añadir varios articulos al carrito" time="26.597"/>
  <system-out><![CDATA[]]></system-out>
  <system-err><![CDATA[nov 20, 2020 1:37:10 PM org.openqa.selenium.remote.DesiredCapabilities chrome
INFORMACIÓN: Using `new ChromeOptions()` is preferred to `DesiredCapabilities.chrome()`
Starting ChromeDriver 87.0.4280.20 (c99e81631faa0b2a448e658c0dbd8311fb04ddbd-refs/branch-heads/4280@{#355}) on port 3951
Only local connections are allowed.
Please see https://chromedriver.chromium.org/security-considerations for suggestions on keeping ChromeDriver safe.
ChromeDriver was started successfully.
nov 20, 2020 1:37:16 PM org.openqa.selenium.remote.ProtocolHandshake createSession
INFORMACIÓN: Detected dialect: W3C
]]></system-err>
</testsuite>
